<?xml version="1.0" encoding="UTF-8"?>
<testng-results skipped="0" failed="1" ignored="1" total="2" passed="0">
  <reporter-output>
    <line>
      <![CDATA[截屏：C:\Users\liu-b\git\PageObjectModel\screenshots\FCCB_HB_JCX_1_异常截屏_20200727043551100.png]]>
    </line>
    <line>
      <![CDATA[未知异常：Unable to find element with xpath == //td[@class='tishi']
For documentation on this error, please visit: http://seleniumhq.org/exceptions/no_such_element.html
Build info: version: '3.9.0', revision: '698b3178f0', time: '2018-02-05T14:26:55.441Z'
System info: host: 'DESKTOP-I9S3ABE', ip: '100.100.97.190', os.name: 'Windows 10', os.arch: 'amd64', os.version: '10.0', java.version: '1.8.0_101'
Driver info: org.openqa.selenium.ie.InternetExplorerDriver
Capabilities {acceptInsecureCerts: false, browserName: internet explorer, browserVersion: 11, javascriptEnabled: true, pageLoadStrategy: normal, platform: WINDOWS, platformName: WINDOWS, proxy: Proxy(), se:ieOptions: {browserAttachTimeout: 0, elementScrollBehavior: 0, enablePersistentHover: true, ie.browserCommandLineSwitches: , ie.ensureCleanSession: false, ie.fileUploadDialogTimeout: 3000, ie.forceCreateProcessApi: false, ignoreProtectedModeSettings: true, ignoreZoomSetting: false, initialBrowserUrl: http://localhost:23371/, nativeEvents: true, requireWindowFocus: false}, setWindowRect: true, timeouts: {implicit: 0, pageLoad: 300000, script: 30000}, unhandledPromptBehavior: accept}
Session ID: 132226b1-fcd9-4316-ae56-88971fb3519f
*** Element info: {Using=xpath, value=//td[@class='tishi']}]]>
    </line>
    <line>
      <![CDATA[截屏文件：C:\Users\liu-b\git\PageObjectModel\screenshots\FCCB_HB_JCX_1_异常截屏_20200727043551100.png]]>
    </line>
  </reporter-output>
  <suite name="Default suite" duration-ms="62848" started-at="2020-07-27T08:34:48Z" finished-at="2020-07-27T08:35:51Z">
    <groups>
    </groups>
    <test name="Default test" duration-ms="62848" started-at="2020-07-27T08:34:48Z" finished-at="2020-07-27T08:35:51Z">
      <class name="com.sinosoft.testcases.fccb.TBGLTestCase">
        <test-method status="PASS" signature="Init()[pri:0, instance:com.sinosoft.testcases.fccb.TBGLTestCase@4f970963]" name="Init" is-config="true" duration-ms="14" started-at="2020-07-27T16:34:48Z" finished-at="2020-07-27T16:34:48Z">
          <reporter-output>
          </reporter-output>
        </test-method> <!-- Init -->
        <test-method status="PASS" signature="setup()[pri:0, instance:com.sinosoft.testcases.fccb.TBGLTestCase@4f970963]" name="setup" is-config="true" duration-ms="2860" started-at="2020-07-27T16:34:49Z" finished-at="2020-07-27T16:34:51Z">
          <reporter-output>
          </reporter-output>
        </test-method> <!-- setup -->
        <test-method status="FAIL" signature="FCCB_HBCL(org.testng.ITestContext, java.util.Map)[pri:2, instance:com.sinosoft.testcases.fccb.TBGLTestCase@4f970963]" name="FCCB_HBCL" duration-ms="59138" started-at="2020-07-27T16:34:51Z" data-provider="getTBCLTestData" finished-at="2020-07-27T16:35:51Z">
          <params>
            <param index="0">
              <value>
                <![CDATA[org.testng.TestRunner@bcef303]]>
              </value>
            </param>
            <param index="1">
              <value>
                <![CDATA[{ROW_ID=2, ProcessFlag=Y, TestCaseName=FCCB_HB_JCX, TestCaseSeq=1, TestDescription=非车承保企财险-财产基本险-核保, proposalNumber=06201890101202000000000182, riskCode=, renewalInd=0, renewalPolicy=, prePay=, carrayOver=, carrayOverPolicy=, relatedInd=, relatedPolicy=, cdjg=, message=未知异常Unable to find element with xpath == //td[@class='tishi']
For documentation on this error, please visit: http://seleniumhq.org/exceptions/no_such_element.html
Build info: version: '3.9.0', revision: '698b3178f0', time: '2018-02-05T14:26:55.441Z'
System info: host: 'DESKTOP-I9S3ABE', ip: '100.100.97.190', os.name: 'Windows 10', os.arch: 'amd64', os.version: '10.0', java.version: '1.8.0_101'
Driver info: org.openqa.selenium.ie.InternetExplorerDriver
Capabilities {acceptInsecureCerts: false, browserName: internet explorer, browserVersion: 11, javascriptEnabled: true, pageLoadStrategy: normal, platform: WINDOWS, platformName: WINDOWS, proxy: Proxy(), se:ieOptions: {browserAttachTimeout: 0, elementScrollBehavior: 0, enablePersistentHover: true, ie.browserCommandLineSwitches: , ie.ensureCleanSession: false, ie.fileUploadDialogTimeout: 3000, ie.forceCreateProcessApi: false, ignoreProtectedModeSettings: true, ignoreZoomSetting: false, initialBrowserUrl: http://localhost:23371/, nativeEvents: true, requireWindowFocus: false}, setWindowRect: true, timeouts: {implicit: 0, pageLoad: 300000, script: 30000}, unhandledPromptBehavior: accept}
Session ID: 132226b1-fcd9-4316-ae56-88971fb3519f
*** Element info: {Using=xpath, value=//td[@class='tishi']}, screenshot=C:\Users\liu-b\git\PageObjectModel\screenshots\FCCB_HB_JCX_1_异常截屏_20200727043551100.png, testCaseName=FCCB_HBCL}]]>
              </value>
            </param>
          </params>
          <exception class="java.lang.AssertionError">
            <message>
              <![CDATA[expected [true] but found [false]]]>
            </message>
            <full-stacktrace>
              <![CDATA[java.lang.AssertionError: expected [true] but found [false]
	at org.testng.Assert.fail(Assert.java:93)
	at org.testng.Assert.failNotEquals(Assert.java:512)
	at org.testng.Assert.assertTrue(Assert.java:41)
	at org.testng.Assert.assertTrue(Assert.java:51)
	at com.sinosoft.testcases.fccb.TBGLTestCase.FCCB_HBCL(TBGLTestCase.java:182)
	at sun.reflect.NativeMethodAccessorImpl.invoke0(Native Method)
	at sun.reflect.NativeMethodAccessorImpl.invoke(NativeMethodAccessorImpl.java:62)
	at sun.reflect.DelegatingMethodAccessorImpl.invoke(DelegatingMethodAccessorImpl.java:43)
	at java.lang.reflect.Method.invoke(Method.java:498)
	at org.testng.internal.MethodInvocationHelper.invokeMethod(MethodInvocationHelper.java:108)
	at org.testng.internal.Invoker.invokeMethod(Invoker.java:661)
	at org.testng.internal.Invoker.invokeTestMethod(Invoker.java:869)
	at org.testng.internal.Invoker.invokeTestMethods(Invoker.java:1193)
	at org.testng.internal.TestMethodWorker.invokeTestMethods(TestMethodWorker.java:126)
	at org.testng.internal.TestMethodWorker.run(TestMethodWorker.java:109)
	at org.testng.TestRunner.privateRun(TestRunner.java:744)
	at org.testng.TestRunner.run(TestRunner.java:602)
	at org.testng.SuiteRunner.runTest(SuiteRunner.java:380)
	at org.testng.SuiteRunner.runSequentially(SuiteRunner.java:375)
	at org.testng.SuiteRunner.privateRun(SuiteRunner.java:340)
	at org.testng.SuiteRunner.run(SuiteRunner.java:289)
	at org.testng.SuiteRunnerWorker.runSuite(SuiteRunnerWorker.java:52)
	at org.testng.SuiteRunnerWorker.run(SuiteRunnerWorker.java:86)
	at org.testng.TestNG.runSuitesSequentially(TestNG.java:1301)
	at org.testng.TestNG.runSuitesLocally(TestNG.java:1226)
	at org.testng.TestNG.runSuites(TestNG.java:1144)
	at org.testng.TestNG.run(TestNG.java:1115)
	at org.testng.remote.AbstractRemoteTestNG.run(AbstractRemoteTestNG.java:115)
	at org.testng.remote.RemoteTestNG.initAndRun(RemoteTestNG.java:251)
	at org.testng.remote.RemoteTestNG.main(RemoteTestNG.java:77)
]]>
            </full-stacktrace>
          </exception> <!-- java.lang.AssertionError -->
          <reporter-output>
            <line>
              <![CDATA[截屏：C:\Users\liu-b\git\PageObjectModel\screenshots\FCCB_HB_JCX_1_异常截屏_20200727043551100.png]]>
            </line>
            <line>
              <![CDATA[未知异常：Unable to find element with xpath == //td[@class='tishi']
For documentation on this error, please visit: http://seleniumhq.org/exceptions/no_such_element.html
Build info: version: '3.9.0', revision: '698b3178f0', time: '2018-02-05T14:26:55.441Z'
System info: host: 'DESKTOP-I9S3ABE', ip: '100.100.97.190', os.name: 'Windows 10', os.arch: 'amd64', os.version: '10.0', java.version: '1.8.0_101'
Driver info: org.openqa.selenium.ie.InternetExplorerDriver
Capabilities {acceptInsecureCerts: false, browserName: internet explorer, browserVersion: 11, javascriptEnabled: true, pageLoadStrategy: normal, platform: WINDOWS, platformName: WINDOWS, proxy: Proxy(), se:ieOptions: {browserAttachTimeout: 0, elementScrollBehavior: 0, enablePersistentHover: true, ie.browserCommandLineSwitches: , ie.ensureCleanSession: false, ie.fileUploadDialogTimeout: 3000, ie.forceCreateProcessApi: false, ignoreProtectedModeSettings: true, ignoreZoomSetting: false, initialBrowserUrl: http://localhost:23371/, nativeEvents: true, requireWindowFocus: false}, setWindowRect: true, timeouts: {implicit: 0, pageLoad: 300000, script: 30000}, unhandledPromptBehavior: accept}
Session ID: 132226b1-fcd9-4316-ae56-88971fb3519f
*** Element info: {Using=xpath, value=//td[@class='tishi']}]]>
            </line>
            <line>
              <![CDATA[截屏文件：C:\Users\liu-b\git\PageObjectModel\screenshots\FCCB_HB_JCX_1_异常截屏_20200727043551100.png]]>
            </line>
          </reporter-output>
        </test-method> <!-- FCCB_HBCL -->
        <test-method status="PASS" signature="tearDown(org.testng.ITestContext)[pri:0, instance:com.sinosoft.testcases.fccb.TBGLTestCase@4f970963]" name="tearDown" is-config="true" duration-ms="2" started-at="2020-07-27T16:35:51Z" finished-at="2020-07-27T16:35:51Z">
          <params>
            <param index="0">
              <value>
                <![CDATA[org.testng.TestRunner@bcef303]]>
              </value>
            </param>
          </params>
          <reporter-output>
          </reporter-output>
        </test-method> <!-- tearDown -->
        <test-method status="PASS" signature="Close()[pri:0, instance:com.sinosoft.testcases.fccb.TBGLTestCase@4f970963]" name="Close" is-config="true" duration-ms="0" started-at="2020-07-27T16:35:51Z" finished-at="2020-07-27T16:35:51Z">
          <reporter-output>
          </reporter-output>
        </test-method> <!-- Close -->
      </class> <!-- com.sinosoft.testcases.fccb.TBGLTestCase -->
    </test> <!-- Default test -->
  </suite> <!-- Default suite -->
</testng-results>
