<?xml version="1.0" encoding="UTF-8"?>
<!-- Generated by org.testng.reporters.JUnitReportReporter -->
<testsuite skipped="2" hostname="DESKTOP-I9S3ABE" name="com.sinosoft.testcases.fccb.LoginPageTest" tests="3" failures="0" timestamp="23 六月 2020 02:43:44 GMT" time="31.476" errors="1">
  <testcase name="FCCB_TBCL" time="31.476" classname="com.sinosoft.testcases.fccb.LoginPageTest">
    <error type="org.openqa.selenium.NoSuchElementException" message="No options are selected
For documentation on this error, please visit: http://seleniumhq.org/exceptions/no_such_element.html
Build info: version: &#039;3.14.0&#039;, revision: &#039;aacccce0&#039;, time: &#039;2018-08-02T20:19:58.91Z&#039;
System info: host: &#039;DESKTOP-I9S3ABE&#039;, ip: &#039;100.100.95.159&#039;, os.name: &#039;Windows 10&#039;, os.arch: &#039;amd64&#039;, os.version: &#039;10.0&#039;, java.version: &#039;1.8.0_101&#039;
Driver info: driver.version: unknown">
      <![CDATA[org.openqa.selenium.NoSuchElementException: No options are selected
For documentation on this error, please visit: http://seleniumhq.org/exceptions/no_such_element.html
Build info: version: '3.14.0', revision: 'aacccce0', time: '2018-08-02T20:19:58.91Z'
System info: host: 'DESKTOP-I9S3ABE', ip: '100.100.95.159', os.name: 'Windows 10', os.arch: 'amd64', os.version: '10.0', java.version: '1.8.0_101'
Driver info: driver.version: unknown
	at org.openqa.selenium.support.ui.Select.getFirstSelectedOption(Select.java:100)
	at com.sinosoft.test.fccp.common.FccbBase.setSelectWithStartText(FccbBase.java:87)
	at com.sinosoft.test.fccp.common.CodeSelectPage.selectByCodes(CodeSelectPage.java:59)
	at com.sinosoft.test.fccp.common.FccbBase.CodeSelect(FccbBase.java:45)
	at com.sinosoft.test.fccp.tbcl.BasicInfoPage.inputSalesInfoAction(BasicInfoPage.java:322)
	at com.sinosoft.test.fccp.tbcl.BasicInfoPage.inputSalesInfoAction(BasicInfoPage.java:330)
	at com.sinosoft.testcases.fccb.LoginPageTest.FCCB_TBCL(LoginPageTest.java:135)
	at sun.reflect.NativeMethodAccessorImpl.invoke0(Native Method)
	at sun.reflect.NativeMethodAccessorImpl.invoke(NativeMethodAccessorImpl.java:62)
	at sun.reflect.DelegatingMethodAccessorImpl.invoke(DelegatingMethodAccessorImpl.java:43)
	at java.lang.reflect.Method.invoke(Method.java:498)
	at org.testng.internal.MethodInvocationHelper.invokeMethod(MethodInvocationHelper.java:108)
	at org.testng.internal.Invoker.invokeMethod(Invoker.java:661)
	at org.testng.internal.Invoker.invokeTestMethod(Invoker.java:869)
	at org.testng.internal.Invoker.invokeTestMethods(Invoker.java:1193)
	at org.testng.internal.TestMethodWorker.invokeTestMethods(TestMethodWorker.java:126)
	at org.testng.internal.TestMethodWorker.run(TestMethodWorker.java:109)
	at org.testng.TestRunner.privateRun(TestRunner.java:744)
	at org.testng.TestRunner.run(TestRunner.java:602)
	at org.testng.SuiteRunner.runTest(SuiteRunner.java:380)
	at org.testng.SuiteRunner.runSequentially(SuiteRunner.java:375)
	at org.testng.SuiteRunner.privateRun(SuiteRunner.java:340)
	at org.testng.SuiteRunner.run(SuiteRunner.java:289)
	at org.testng.SuiteRunnerWorker.runSuite(SuiteRunnerWorker.java:52)
	at org.testng.SuiteRunnerWorker.run(SuiteRunnerWorker.java:86)
	at org.testng.TestNG.runSuitesSequentially(TestNG.java:1301)
	at org.testng.TestNG.runSuitesLocally(TestNG.java:1226)
	at org.testng.TestNG.runSuites(TestNG.java:1144)
	at org.testng.TestNG.run(TestNG.java:1115)
	at org.testng.remote.AbstractRemoteTestNG.run(AbstractRemoteTestNG.java:115)
	at org.testng.remote.RemoteTestNG.initAndRun(RemoteTestNG.java:251)
	at org.testng.remote.RemoteTestNG.main(RemoteTestNG.java:77)
]]>
    </error>
  </testcase> <!-- FCCB_TBCL -->
  <testcase name="tbclTest" classname="com.sinosoft.testcases.fccb.LoginPageTest">
    <skipped/>
  </testcase> <!-- tbclTest -->
  <testcase name="loginTest" classname="com.sinosoft.testcases.fccb.LoginPageTest">
    <skipped/>
  </testcase> <!-- loginTest -->
</testsuite> <!-- com.sinosoft.testcases.fccb.LoginPageTest -->
